Build started 01/02/2015 7:37:18 PM.
     1>Project "C:\Users\Sadman\documents\visual studio 2013\Projects\BennyTut\BennyTut\BennyTut.vcxproj" on node 2 (Build target(s)).
     1>ClCompile:
         C:\Program Files (x86)\Microsoft Visual Studio 12.0\VC\bin\CL.exe /c /ZI /nologo /W3 /WX- /sdl /Od /Oy- /D _MBCS /D _MBCS /D _CRT_SECURE_NO_WARNINGS /Gm /EHsc /RTC1 /MDd /GS /fp:precise /Zc:wchar_t /Zc:forScope /Fo"Debug\\" /Fd"Debug\vc120.pdb" /Gd /TP /analyze- /errorReport:prompt main.cpp texture.cpp
         texture.cpp
     1>c:\users\sadman\documents\visual studio 2013\projects\bennytut\bennytut\texture.h(9): error C2039: 'string' : is not a member of 'std'
     1>c:\users\sadman\documents\visual studio 2013\projects\bennytut\bennytut\texture.h(9): error C4430: missing type specifier - int assumed. Note: C++ does not support default-int
     1>c:\users\sadman\documents\visual studio 2013\projects\bennytut\bennytut\texture.h(9): error C2143: syntax error : missing ',' before '&'
     1>c:\users\sadman\documents\visual studio 2013\projects\bennytut\bennytut\texture.cpp(4): error C2039: 'string' : is not a member of 'std'
     1>c:\users\sadman\documents\visual studio 2013\projects\bennytut\bennytut\texture.cpp(4): error C4430: missing type specifier - int assumed. Note: C++ does not support default-int
     1>c:\users\sadman\documents\visual studio 2013\projects\bennytut\bennytut\texture.cpp(4): error C2143: syntax error : missing ',' before '&'
         main.cpp
         Generating Code...
     1>Done Building Project "C:\Users\Sadman\documents\visual studio 2013\Projects\BennyTut\BennyTut\BennyTut.vcxproj" (Build target(s)) -- FAILED.

Build FAILED.

Time Elapsed 00:00:00.59
